<?xml version="1.0" encoding="utf-8"?><testsuites name="pytest tests"><testsuite name="pytest" errors="0" failures="0" skipped="0" tests="6" time="28.127" timestamp="2026-08-30T07:48:32.173468+00:00" hostname="agent-env-1f82e701-b496-4408-9044-d0ece51a6e30"><testcase classname="tests.test_health" name="test_health_ok" time="0.338" /><testcase classname="tests.test_protocol" name="test_generate_protocol_gpt_recovery" time="3.827" /><testcase classname="tests.test_health" name="test_root" time="0.043" /><testcase classname="tests.test_ocr" name="test_ocr_label_extracts_fields" time="2.844" /><testcase classname="tests.test_protocol" name="test_generate_protocol_gemini_optimal" time="6.992" /><testcase classname="tests.test_protocol" name="test_generate_protocol_gemini_recovery_has_recs" time="16.950" /></testsuite></testsuites>