<?xml version="1.0" encoding="utf-8"?><testsuites name="pytest tests"><testsuite name="pytest" errors="0" failures="0" skipped="0" tests="4" time="26.415" timestamp="2026-08-30T07:08:13.134114+00:00" hostname="agent-env-1f82e701-b496-4408-9044-d0ece51a6e30"><testcase classname="tests.test_protocol" name="test_generate_protocol_gpt_recovery" time="3.892" /><testcase classname="tests.test_ocr" name="test_ocr_label_extracts_fields" time="4.041" /><testcase classname="tests.test_protocol" name="test_generate_protocol_gemini_optimal" time="6.782" /><testcase classname="tests.test_protocol" name="test_generate_protocol_gemini_recovery_has_recs" time="15.383" /></testsuite></testsuites>